Info: Starting: Create block symbol file (.bsf)
Info: qsys-generate /home/paul/Documents/projets/robot/fpga/quartus/base_hps.qsys --block-symbol-file --output-directory=/home/paul/Documents/projets/robot/fpga/quartus/base_hps --family="Cyclone V" --part=5CSEBA6U23I7
Progress: Loading quartus/base_hps.qsys
Progress: Reading input file
Progress: Adding clk_0 [clock_source 20.1]
Progress: Parameterizing module clk_0
Progress: Adding hps_0 [altera_hps 20.1]
Progress: Parameterizing module hps_0
Progress: Adding led_pio [altera_avalon_pio 20.1]
Progress: Parameterizing module led_pio
Progress: Adding motor_left [altera_avalon_pio 20.1]
Progress: Parameterizing module motor_left
Progress: Adding motor_right [altera_avalon_pio 20.1]
Progress: Parameterizing module motor_right
Progress: Adding pb_pio [altera_avalon_pio 20.1]
Progress: Parameterizing module pb_pio
Progress: Adding pll_adc_clk [altera_pll 20.1]
Progress: Parameterizing module pll_adc_clk
Progress: Adding sw_pio [altera_avalon_pio 20.1]
Progress: Parameterizing module sw_pio
Progress: Adding sysid [altera_avalon_sysid_qsys 20.1]
Progress: Parameterizing module sysid
Progress: Building connections
Progress: Parameterizing connections
Progress: Validating
Progress: Done reading input file
Info: base_hps.hps_0: HPS Main PLL counter settings: n = 0  m = 63
Info: base_hps.hps_0: HPS peripherial PLL counter settings: n = 0  m = 39
Info: base_hps.pb_pio: PIO inputs are not hardwired in test bench. Undefined values will be read from PIO inputs during simulation.
Info: base_hps.pll_adc_clk: The legal reference clock frequency is 5.0 MHz..700.0 MHz
Info: base_hps.pll_adc_clk: Able to implement PLL with user settings
Info: base_hps.sw_pio: PIO inputs are not hardwired in test bench. Undefined values will be read from PIO inputs during simulation.
Info: base_hps.sysid: System ID is not assigned automatically. Edit the System ID parameter to provide a unique ID
Info: base_hps.sysid: Time stamp will be automatically updated when this component is generated.
Warning: base_hps.hps_0: hps_0.h2f_warm_reset_handshake must be exported, or connected to a matching conduit.
Info: qsys-generate succeeded.
Info: Finished: Create block symbol file (.bsf)
Info: 
Info: Starting: Create HDL design files for synthesis
Info: qsys-generate /home/paul/Documents/projets/robot/fpga/quartus/base_hps.qsys --synthesis=VERILOG --output-directory=/home/paul/Documents/projets/robot/fpga/quartus/base_hps/synthesis --family="Cyclone V" --part=5CSEBA6U23I7
Progress: Loading quartus/base_hps.qsys
Progress: Reading input file
Progress: Adding clk_0 [clock_source 20.1]
Progress: Parameterizing module clk_0
Progress: Adding hps_0 [altera_hps 20.1]
Progress: Parameterizing module hps_0
Progress: Adding led_pio [altera_avalon_pio 20.1]
Progress: Parameterizing module led_pio
Progress: Adding motor_left [altera_avalon_pio 20.1]
Progress: Parameterizing module motor_left
Progress: Adding motor_right [altera_avalon_pio 20.1]
Progress: Parameterizing module motor_right
Progress: Adding pb_pio [altera_avalon_pio 20.1]
Progress: Parameterizing module pb_pio
Progress: Adding pll_adc_clk [altera_pll 20.1]
Progress: Parameterizing module pll_adc_clk
Progress: Adding sw_pio [altera_avalon_pio 20.1]
Progress: Parameterizing module sw_pio
Progress: Adding sysid [altera_avalon_sysid_qsys 20.1]
Progress: Parameterizing module sysid
Progress: Building connections
Progress: Parameterizing connections
Progress: Validating
Progress: Done reading input file
Info: base_hps.hps_0: HPS Main PLL counter settings: n = 0  m = 63
Info: base_hps.hps_0: HPS peripherial PLL counter settings: n = 0  m = 39
Info: base_hps.pb_pio: PIO inputs are not hardwired in test bench. Undefined values will be read from PIO inputs during simulation.
Info: base_hps.pll_adc_clk: The legal reference clock frequency is 5.0 MHz..700.0 MHz
Info: base_hps.pll_adc_clk: Able to implement PLL with user settings
Info: base_hps.sw_pio: PIO inputs are not hardwired in test bench. Undefined values will be read from PIO inputs during simulation.
Info: base_hps.sysid: System ID is not assigned automatically. Edit the System ID parameter to provide a unique ID
Info: base_hps.sysid: Time stamp will be automatically updated when this component is generated.
Warning: base_hps.hps_0: hps_0.h2f_warm_reset_handshake must be exported, or connected to a matching conduit.
Info: base_hps: Generating base_hps "base_hps" for QUARTUS_SYNTH
Info: hps_0: "Running  for module: hps_0"
Info: hps_0: HPS Main PLL counter settings: n = 0  m = 63
Info: hps_0: HPS peripherial PLL counter settings: n = 0  m = 39
Info: hps_0: "base_hps" instantiated altera_hps "hps_0"
Info: led_pio: Starting RTL generation for module 'base_hps_led_pio'
Info: led_pio:   Generation command is [exec /home/paul/intelFPGA_lite/20.1/quartus/linux64/perl/bin/perl -I /home/paul/intelFPGA_lite/20.1/quartus/linux64/perl/lib -I /home/paul/intelFPGA_lite/20.1/quartus/sopc_builder/bin/europa -I /home/paul/intelFPGA_lite/20.1/quartus/sopc_builder/bin -I /home/paul/intelFPGA_lite/20.1/quartus/../ip/altera/sopc_builder_ip/common -I /home/paul/intelFPGA_lite/20.1/quartus/../ip/altera/sopc_builder_ip/altera_avalon_pio -- /home/paul/intelFPGA_lite/20.1/quartus/../ip/altera/sopc_builder_ip/altera_avalon_pio/generate_rtl.pl --name=base_hps_led_pio --dir=/tmp/alt8461_3875433539768109714.dir/0002_led_pio_gen/ --quartus_dir=/home/paul/intelFPGA_lite/20.1/quartus --verilog --config=/tmp/alt8461_3875433539768109714.dir/0002_led_pio_gen//base_hps_led_pio_component_configuration.pl  --do_build_sim=0  ]
Info: led_pio: Done RTL generation for module 'base_hps_led_pio'
Info: led_pio: "base_hps" instantiated altera_avalon_pio "led_pio"
Info: motor_left: Starting RTL generation for module 'base_hps_motor_left'
Info: motor_left:   Generation command is [exec /home/paul/intelFPGA_lite/20.1/quartus/linux64/perl/bin/perl -I /home/paul/intelFPGA_lite/20.1/quartus/linux64/perl/lib -I /home/paul/intelFPGA_lite/20.1/quartus/sopc_builder/bin/europa -I /home/paul/intelFPGA_lite/20.1/quartus/sopc_builder/bin -I /home/paul/intelFPGA_lite/20.1/quartus/../ip/altera/sopc_builder_ip/common -I /home/paul/intelFPGA_lite/20.1/quartus/../ip/altera/sopc_builder_ip/altera_avalon_pio -- /home/paul/intelFPGA_lite/20.1/quartus/../ip/altera/sopc_builder_ip/altera_avalon_pio/generate_rtl.pl --name=base_hps_motor_left --dir=/tmp/alt8461_3875433539768109714.dir/0003_motor_left_gen/ --quartus_dir=/home/paul/intelFPGA_lite/20.1/quartus --verilog --config=/tmp/alt8461_3875433539768109714.dir/0003_motor_left_gen//base_hps_motor_left_component_configuration.pl  --do_build_sim=0  ]
Info: motor_left: Done RTL generation for module 'base_hps_motor_left'
Info: motor_left: "base_hps" instantiated altera_avalon_pio "motor_left"
Info: pb_pio: Starting RTL generation for module 'base_hps_pb_pio'
Info: pb_pio:   Generation command is [exec /home/paul/intelFPGA_lite/20.1/quartus/linux64/perl/bin/perl -I /home/paul/intelFPGA_lite/20.1/quartus/linux64/perl/lib -I /home/paul/intelFPGA_lite/20.1/quartus/sopc_builder/bin/europa -I /home/paul/intelFPGA_lite/20.1/quartus/sopc_builder/bin -I /home/paul/intelFPGA_lite/20.1/quartus/../ip/altera/sopc_builder_ip/common -I /home/paul/intelFPGA_lite/20.1/quartus/../ip/altera/sopc_builder_ip/altera_avalon_pio -- /home/paul/intelFPGA_lite/20.1/quartus/../ip/altera/sopc_builder_ip/altera_avalon_pio/generate_rtl.pl --name=base_hps_pb_pio --dir=/tmp/alt8461_3875433539768109714.dir/0004_pb_pio_gen/ --quartus_dir=/home/paul/intelFPGA_lite/20.1/quartus --verilog --config=/tmp/alt8461_3875433539768109714.dir/0004_pb_pio_gen//base_hps_pb_pio_component_configuration.pl  --do_build_sim=0  ]
Info: pb_pio: Done RTL generation for module 'base_hps_pb_pio'
Info: pb_pio: "base_hps" instantiated altera_avalon_pio "pb_pio"
Info: pll_adc_clk: "base_hps" instantiated altera_pll "pll_adc_clk"
Info: sw_pio: Starting RTL generation for module 'base_hps_sw_pio'
Info: sw_pio:   Generation command is [exec /home/paul/intelFPGA_lite/20.1/quartus/linux64/perl/bin/perl -I /home/paul/intelFPGA_lite/20.1/quartus/linux64/perl/lib -I /home/paul/intelFPGA_lite/20.1/quartus/sopc_builder/bin/europa -I /home/paul/intelFPGA_lite/20.1/quartus/sopc_builder/bin -I /home/paul/intelFPGA_lite/20.1/quartus/../ip/altera/sopc_builder_ip/common -I /home/paul/intelFPGA_lite/20.1/quartus/../ip/altera/sopc_builder_ip/altera_avalon_pio -- /home/paul/intelFPGA_lite/20.1/quartus/../ip/altera/sopc_builder_ip/altera_avalon_pio/generate_rtl.pl --name=base_hps_sw_pio --dir=/tmp/alt8461_3875433539768109714.dir/0006_sw_pio_gen/ --quartus_dir=/home/paul/intelFPGA_lite/20.1/quartus --verilog --config=/tmp/alt8461_3875433539768109714.dir/0006_sw_pio_gen//base_hps_sw_pio_component_configuration.pl  --do_build_sim=0  ]
Info: sw_pio: Done RTL generation for module 'base_hps_sw_pio'
Info: sw_pio: "base_hps" instantiated altera_avalon_pio "sw_pio"
Info: sysid: "base_hps" instantiated altera_avalon_sysid_qsys "sysid"
Info: avalon_st_adapter: Inserting error_adapter: error_adapter_0
Info: avalon_st_adapter_001: Inserting error_adapter: error_adapter_0
Info: avalon_st_adapter_002: Inserting error_adapter: error_adapter_0
Info: avalon_st_adapter_003: Inserting error_adapter: error_adapter_0
Info: avalon_st_adapter_004: Inserting error_adapter: error_adapter_0
Info: avalon_st_adapter_005: Inserting error_adapter: error_adapter_0
Info: mm_interconnect_0: "base_hps" instantiated altera_mm_interconnect "mm_interconnect_0"
Info: rst_controller: "base_hps" instantiated altera_reset_controller "rst_controller"
Info: fpga_interfaces: "hps_0" instantiated altera_interface_generator "fpga_interfaces"
Info: hps_io: "hps_0" instantiated altera_hps_io "hps_io"
Info: sysid_control_slave_translator: "mm_interconnect_0" instantiated altera_merlin_slave_translator "sysid_control_slave_translator"
Info: hps_0_h2f_lw_axi_master_agent: "mm_interconnect_0" instantiated altera_merlin_axi_master_ni "hps_0_h2f_lw_axi_master_agent"
Info: sysid_control_slave_agent: "mm_interconnect_0" instantiated altera_merlin_slave_agent "sysid_control_slave_agent"
Info: sysid_control_slave_agent_rsp_fifo: "mm_interconnect_0" instantiated altera_avalon_sc_fifo "sysid_control_slave_agent_rsp_fifo"
Info: router: "mm_interconnect_0" instantiated altera_merlin_router "router"
Info: router_002: "mm_interconnect_0" instantiated altera_merlin_router "router_002"
Info: hps_0_h2f_lw_axi_master_wr_limiter: "mm_interconnect_0" instantiated altera_merlin_traffic_limiter "hps_0_h2f_lw_axi_master_wr_limiter"
Info: Reusing file /home/paul/Documents/projets/robot/fpga/quartus/base_hps/synthesis/submodules/altera_avalon_sc_fifo.v
Info: sysid_control_slave_burst_adapter: "mm_interconnect_0" instantiated altera_merlin_burst_adapter "sysid_control_slave_burst_adapter"
Info: Reusing file /home/paul/Documents/projets/robot/fpga/quartus/base_hps/synthesis/submodules/altera_merlin_address_alignment.sv
Info: Reusing file /home/paul/Documents/projets/robot/fpga/quartus/base_hps/synthesis/submodules/altera_avalon_st_pipeline_base.v
Info: cmd_demux: "mm_interconnect_0" instantiated altera_merlin_demultiplexer "cmd_demux"
Info: cmd_mux: "mm_interconnect_0" instantiated altera_merlin_multiplexer "cmd_mux"
Info: rsp_demux: "mm_interconnect_0" instantiated altera_merlin_demultiplexer "rsp_demux"
Info: rsp_mux: "mm_interconnect_0" instantiated altera_merlin_multiplexer "rsp_mux"
Info: Reusing file /home/paul/Documents/projets/robot/fpga/quartus/base_hps/synthesis/submodules/altera_merlin_arbitrator.sv
Info: avalon_st_adapter: "mm_interconnect_0" instantiated altera_avalon_st_adapter "avalon_st_adapter"
Info: border: "hps_io" instantiated altera_interface_generator "border"
Info: error_adapter_0: "avalon_st_adapter" instantiated error_adapter "error_adapter_0"
Info: base_hps: Done "base_hps" with 27 modules, 86 files
Info: qsys-generate succeeded.
Info: Finished: Create HDL design files for synthesis
